<?xml version="1.0" encoding="UTF-8"?>
<testng-results ignored="0" total="12" passed="8" failed="2" skipped="2">
  <reporter-output>
  </reporter-output>
  <suite started-at="2022-10-05T13:49:24 IST" name="SuiteFB" finished-at="2022-10-05T13:54:11 IST" duration-ms="286502">
    <groups>
    </groups>
    <test started-at="2022-10-05T13:49:24 IST" name="ChromeTest" finished-at="2022-10-05T13:52:11 IST" duration-ms="166554">
      <class name="test.TestNg2">
        <test-method is-config="true" signature="launchBrowser(java.lang.String)[pri:0, instance:test.TestNg2@37afeb11]" started-at="2022-10-05T13:49:29 IST" name="launchBrowser" finished-at="2022-10-05T13:49:32 IST" duration-ms="2837" status="PASS">
          <params>
            <param index="0">
              <value>
                <![CDATA[Chrome]]>
              </value>
            </param>
          </params>
          <reporter-output>
          </reporter-output>
        </test-method> <!-- launchBrowser -->
        <test-method is-config="true" signature="POMClassObjects()[pri:0, instance:test.TestNg2@37afeb11]" started-at="2022-10-05T13:49:32 IST" name="POMClassObjects" finished-at="2022-10-05T13:49:32 IST" duration-ms="51" status="PASS">
          <reporter-output>
          </reporter-output>
        </test-method> <!-- POMClassObjects -->
        <test-method is-config="true" signature="openRoomsPage()[pri:0, instance:test.TestNg2@37afeb11]" started-at="2022-10-05T13:49:32 IST" name="openRoomsPage" finished-at="2022-10-05T13:49:50 IST" duration-ms="17331" status="PASS">
          <reporter-output>
          </reporter-output>
        </test-method> <!-- openRoomsPage -->
        <test-method signature="verifyMessenger()[pri:1, instance:test.TestNg2@37afeb11]" started-at="2022-10-05T13:49:50 IST" name="verifyMessenger" finished-at="2022-10-05T13:50:00 IST" duration-ms="10170" status="PASS">
          <reporter-output>
          </reporter-output>
        </test-method> <!-- verifyMessenger -->
        <test-method is-config="true" signature="logOut()[pri:0, instance:test.TestNg2@37afeb11]" started-at="2022-10-05T13:50:00 IST" name="logOut" finished-at="2022-10-05T13:50:00 IST" duration-ms="1" status="PASS">
          <reporter-output>
          </reporter-output>
        </test-method> <!-- logOut -->
        <test-method is-config="true" signature="openRoomsPage()[pri:0, instance:test.TestNg2@37afeb11]" started-at="2022-10-05T13:50:00 IST" name="openRoomsPage" finished-at="2022-10-05T13:50:22 IST" duration-ms="21513" status="PASS">
          <reporter-output>
          </reporter-output>
        </test-method> <!-- openRoomsPage -->
        <test-method signature="verifyHelpCenter()[pri:2, instance:test.TestNg2@37afeb11]" started-at="2022-10-05T13:50:22 IST" name="verifyHelpCenter" finished-at="2022-10-05T13:50:26 IST" duration-ms="4277" status="PASS">
          <reporter-output>
          </reporter-output>
        </test-method> <!-- verifyHelpCenter -->
        <test-method is-config="true" signature="logOut()[pri:0, instance:test.TestNg2@37afeb11]" started-at="2022-10-05T13:50:26 IST" name="logOut" finished-at="2022-10-05T13:50:26 IST" duration-ms="1" status="PASS">
          <reporter-output>
          </reporter-output>
        </test-method> <!-- logOut -->
        <test-method is-config="true" signature="openRoomsPage()[pri:0, instance:test.TestNg2@37afeb11]" started-at="2022-10-05T13:50:26 IST" name="openRoomsPage" finished-at="2022-10-05T13:50:41 IST" duration-ms="14755" status="PASS">
          <reporter-output>
          </reporter-output>
        </test-method> <!-- openRoomsPage -->
        <test-method signature="verifyHelpCenter1()[pri:3, instance:test.TestNg2@37afeb11]" started-at="2022-10-05T13:50:41 IST" name="verifyHelpCenter1" finished-at="2022-10-05T13:50:45 IST" duration-ms="3938" status="PASS">
          <reporter-output>
          </reporter-output>
        </test-method> <!-- verifyHelpCenter1 -->
        <test-method is-config="true" signature="logOut()[pri:0, instance:test.TestNg2@37afeb11]" started-at="2022-10-05T13:50:45 IST" name="logOut" finished-at="2022-10-05T13:50:45 IST" duration-ms="1" status="PASS">
          <reporter-output>
          </reporter-output>
        </test-method> <!-- logOut -->
        <test-method is-config="true" signature="closeBrowser()[pri:0, instance:test.TestNg2@37afeb11]" started-at="2022-10-05T13:50:45 IST" name="closeBrowser" finished-at="2022-10-05T13:50:45 IST" duration-ms="0" status="PASS">
          <reporter-output>
          </reporter-output>
        </test-method> <!-- closeBrowser -->
        <test-method is-config="true" signature="coseBrowser()[pri:0, instance:test.TestNg2@37afeb11]" started-at="2022-10-05T13:52:01 IST" name="coseBrowser" finished-at="2022-10-05T13:52:11 IST" duration-ms="9613" status="PASS">
          <reporter-output>
          </reporter-output>
        </test-method> <!-- coseBrowser -->
      </class> <!-- test.TestNg2 -->
      <class name="test.TestNg1">
        <test-method is-config="true" signature="launchBrowser(java.lang.String)[pri:0, instance:test.TestNg1@72d1ad2e]" started-at="2022-10-05T13:49:24 IST" name="launchBrowser" finished-at="2022-10-05T13:49:29 IST" duration-ms="5043" status="PASS">
          <params>
            <param index="0">
              <value>
                <![CDATA[Chrome]]>
              </value>
            </param>
          </params>
          <reporter-output>
          </reporter-output>
        </test-method> <!-- launchBrowser -->
        <test-method is-config="true" signature="createPOMObjects()[pri:0, instance:test.TestNg1@72d1ad2e]" started-at="2022-10-05T13:50:45 IST" name="createPOMObjects" finished-at="2022-10-05T13:50:45 IST" duration-ms="1" status="PASS">
          <reporter-output>
          </reporter-output>
        </test-method> <!-- createPOMObjects -->
        <test-method is-config="true" signature="openRoomsPage()[pri:0, instance:test.TestNg1@72d1ad2e]" started-at="2022-10-05T13:50:45 IST" name="openRoomsPage" finished-at="2022-10-05T13:51:02 IST" duration-ms="17599" status="PASS">
          <reporter-output>
          </reporter-output>
        </test-method> <!-- openRoomsPage -->
        <test-method signature="verifyMessenger()[pri:1, instance:test.TestNg1@72d1ad2e]" started-at="2022-10-05T13:51:02 IST" name="verifyMessenger" finished-at="2022-10-05T13:51:10 IST" duration-ms="7433" status="PASS">
          <reporter-output>
          </reporter-output>
        </test-method> <!-- verifyMessenger -->
        <test-method is-config="true" signature="logOut(org.testng.ITestResult)[pri:0, instance:test.TestNg1@72d1ad2e]" started-at="2022-10-05T13:51:10 IST" name="logOut" finished-at="2022-10-05T13:51:10 IST" duration-ms="3" status="PASS">
          <params>
            <param index="0">
              <value>
                <![CDATA[[TestResult name=verifyMessenger status=SUCCESS method=TestNg1.verifyMessenger()[pri:1, instance:test.TestNg1@72d1ad2e] output={null}]]]>
              </value>
            </param>
          </params>
          <reporter-output>
          </reporter-output>
        </test-method> <!-- logOut -->
        <test-method is-config="true" signature="openRoomsPage()[pri:0, instance:test.TestNg1@72d1ad2e]" started-at="2022-10-05T13:51:10 IST" name="openRoomsPage" finished-at="2022-10-05T13:51:29 IST" duration-ms="18924" status="PASS">
          <reporter-output>
          </reporter-output>
        </test-method> <!-- openRoomsPage -->
        <test-method signature="verifyHelpCenter()[pri:2, instance:test.TestNg1@72d1ad2e]" started-at="2022-10-05T13:51:29 IST" name="verifyHelpCenter" finished-at="2022-10-05T13:51:39 IST" duration-ms="10294" status="FAIL">
          <exception class="java.lang.AssertionError">
            <message>
              <![CDATA[The following asserts failed:
expected [https://www.messenger.com/hel] but found [https://www.messenger.com/help],
expected [Messenger Help Centr] but found [Messenger Help Centre]]]>
            </message>
            <full-stacktrace>
              <![CDATA[java.lang.AssertionError: The following asserts failed:
expected [https://www.messenger.com/hel] but found [https://www.messenger.com/help],
expected [Messenger Help Centr] but found [Messenger Help Centre]
at org.testng.asserts.SoftAssert.assertAll(SoftAssert.java:47)
at org.testng.asserts.SoftAssert.assertAll(SoftAssert.java:31)
at test.TestNg1.verifyHelpCenter(TestNg1.java:91)
at java.base/jdk.internal.reflect.DirectMethodHandleAccessor.invoke(DirectMethodHandleAccessor.java:104)
at java.base/java.lang.reflect.Method.invoke(Method.java:577)
at org.testng.internal.MethodInvocationHelper.invokeMethod(MethodInvocationHelper.java:133)
at org.testng.internal.TestInvoker.invokeMethod(TestInvoker.java:598)
at org.testng.internal.TestInvoker.invokeTestMethod(TestInvoker.java:173)
at org.testng.internal.MethodRunner.runInSequence(MethodRunner.java:46)
at org.testng.internal.TestInvoker$MethodInvocationAgent.invoke(TestInvoker.java:824)
at org.testng.internal.TestInvoker.invokeTestMethods(TestInvoker.java:146)
at org.testng.internal.TestMethodWorker.invokeTestMethods(TestMethodWorker.java:146)
at org.testng.internal.TestMethodWorker.run(TestMethodWorker.java:128)
at java.base/java.util.ArrayList.forEach(ArrayList.java:1511)
at org.testng.TestRunner.privateRun(TestRunner.java:794)
at org.testng.TestRunner.run(TestRunner.java:596)
at org.testng.SuiteRunner.runTest(SuiteRunner.java:377)
at org.testng.SuiteRunner.runSequentially(SuiteRunner.java:371)
at org.testng.SuiteRunner.privateRun(SuiteRunner.java:332)
at org.testng.SuiteRunner.run(SuiteRunner.java:276)
at org.testng.SuiteRunnerWorker.runSuite(SuiteRunnerWorker.java:53)
at org.testng.SuiteRunnerWorker.run(SuiteRunnerWorker.java:96)
at org.testng.TestNG.runSuitesSequentially(TestNG.java:1212)
at org.testng.TestNG.runSuitesLocally(TestNG.java:1134)
at org.testng.TestNG.runSuites(TestNG.java:1063)
at org.testng.TestNG.run(TestNG.java:1031)
at org.testng.remote.AbstractRemoteTestNG.run(AbstractRemoteTestNG.java:115)
at org.testng.remote.RemoteTestNG.initAndRun(RemoteTestNG.java:251)
at org.testng.remote.RemoteTestNG.main(RemoteTestNG.java:77)
]]>
            </full-stacktrace>
          </exception> <!-- java.lang.AssertionError -->
          <reporter-output>
          </reporter-output>
        </test-method> <!-- verifyHelpCenter -->
        <test-method is-config="true" signature="logOut(org.testng.ITestResult)[pri:0, instance:test.TestNg1@72d1ad2e]" started-at="2022-10-05T13:51:39 IST" name="logOut" finished-at="2022-10-05T13:51:45 IST" duration-ms="5563" status="PASS">
          <params>
            <param index="0">
              <value>
                <![CDATA[[TestResult name=verifyHelpCenter status=FAILURE method=TestNg1.verifyHelpCenter()[pri:2, instance:test.TestNg1@72d1ad2e] output={null}]]]>
              </value>
            </param>
          </params>
          <reporter-output>
          </reporter-output>
        </test-method> <!-- logOut -->
        <test-method signature="verifyHelpCenter1()[pri:0, instance:test.TestNg1@72d1ad2e]" started-at="2022-10-05T13:51:45 IST" name="verifyHelpCenter1" finished-at="2022-10-05T13:51:45 IST" depends-on-methods="test.TestNg1.verifyHelpCenter" duration-ms="0" status="SKIP">
          <exception class="java.lang.Throwable">
            <message>
              <![CDATA[Method TestNg1.verifyHelpCenter1()[pri:0, instance:test.TestNg1@72d1ad2e] depends on not successfully finished methods]]>
            </message>
            <full-stacktrace>
              <![CDATA[java.lang.Throwable: Method TestNg1.verifyHelpCenter1()[pri:0, instance:test.TestNg1@72d1ad2e] depends on not successfully finished methods
at org.testng.internal.TestInvoker.invokeTestMethods(TestInvoker.java:102)
at org.testng.internal.TestMethodWorker.invokeTestMethods(TestMethodWorker.java:146)
at org.testng.internal.TestMethodWorker.run(TestMethodWorker.java:128)
at java.base/java.util.ArrayList.forEach(ArrayList.java:1511)
at org.testng.TestRunner.privateRun(TestRunner.java:794)
at org.testng.TestRunner.run(TestRunner.java:596)
at org.testng.SuiteRunner.runTest(SuiteRunner.java:377)
at org.testng.SuiteRunner.runSequentially(SuiteRunner.java:371)
at org.testng.SuiteRunner.privateRun(SuiteRunner.java:332)
at org.testng.SuiteRunner.run(SuiteRunner.java:276)
at org.testng.SuiteRunnerWorker.runSuite(SuiteRunnerWorker.java:53)
at org.testng.SuiteRunnerWorker.run(SuiteRunnerWorker.java:96)
at org.testng.TestNG.runSuitesSequentially(TestNG.java:1212)
at org.testng.TestNG.runSuitesLocally(TestNG.java:1134)
at org.testng.TestNG.runSuites(TestNG.java:1063)
at org.testng.TestNG.run(TestNG.java:1031)
at org.testng.remote.AbstractRemoteTestNG.run(AbstractRemoteTestNG.java:115)
at org.testng.remote.RemoteTestNG.initAndRun(RemoteTestNG.java:251)
at org.testng.remote.RemoteTestNG.main(RemoteTestNG.java:77)
]]>
            </full-stacktrace>
          </exception> <!-- java.lang.Throwable -->
          <reporter-output>
          </reporter-output>
        </test-method> <!-- verifyHelpCenter1 -->
        <test-method is-config="true" signature="removePOMObjects()[pri:0, instance:test.TestNg1@72d1ad2e]" started-at="2022-10-05T13:51:45 IST" name="removePOMObjects" finished-at="2022-10-05T13:51:45 IST" duration-ms="5" status="PASS">
          <reporter-output>
          </reporter-output>
        </test-method> <!-- removePOMObjects -->
        <test-method is-config="true" signature="closeBrowser()[pri:0, instance:test.TestNg1@72d1ad2e]" started-at="2022-10-05T13:51:45 IST" name="closeBrowser" finished-at="2022-10-05T13:52:01 IST" duration-ms="16345" status="PASS">
          <reporter-output>
          </reporter-output>
        </test-method> <!-- closeBrowser -->
      </class> <!-- test.TestNg1 -->
    </test> <!-- ChromeTest -->
    <test started-at="2022-10-05T13:52:11 IST" name="EdgeTest" finished-at="2022-10-05T13:54:11 IST" duration-ms="119684">
      <class name="test.TestNg2">
        <test-method is-config="true" signature="launchBrowser(java.lang.String)[pri:0, instance:test.TestNg2@2a4fb17b]" started-at="2022-10-05T13:52:29 IST" name="launchBrowser" finished-at="2022-10-05T13:52:37 IST" duration-ms="8404" status="PASS">
          <params>
            <param index="0">
              <value>
                <![CDATA[Edge]]>
              </value>
            </param>
          </params>
          <reporter-output>
          </reporter-output>
        </test-method> <!-- launchBrowser -->
        <test-method is-config="true" signature="POMClassObjects()[pri:0, instance:test.TestNg2@2a4fb17b]" started-at="2022-10-05T13:52:37 IST" name="POMClassObjects" finished-at="2022-10-05T13:52:37 IST" duration-ms="0" status="PASS">
          <reporter-output>
          </reporter-output>
        </test-method> <!-- POMClassObjects -->
        <test-method is-config="true" signature="openRoomsPage()[pri:0, instance:test.TestNg2@2a4fb17b]" started-at="2022-10-05T13:52:37 IST" name="openRoomsPage" finished-at="2022-10-05T13:52:55 IST" duration-ms="17801" status="PASS">
          <reporter-output>
          </reporter-output>
        </test-method> <!-- openRoomsPage -->
        <test-method signature="verifyMessenger()[pri:1, instance:test.TestNg2@2a4fb17b]" started-at="2022-10-05T13:52:55 IST" name="verifyMessenger" finished-at="2022-10-05T13:52:59 IST" duration-ms="4431" status="PASS">
          <reporter-output>
          </reporter-output>
        </test-method> <!-- verifyMessenger -->
        <test-method is-config="true" signature="logOut()[pri:0, instance:test.TestNg2@2a4fb17b]" started-at="2022-10-05T13:52:59 IST" name="logOut" finished-at="2022-10-05T13:52:59 IST" duration-ms="3" status="PASS">
          <reporter-output>
          </reporter-output>
        </test-method> <!-- logOut -->
        <test-method is-config="true" signature="openRoomsPage()[pri:0, instance:test.TestNg2@2a4fb17b]" started-at="2022-10-05T13:52:59 IST" name="openRoomsPage" finished-at="2022-10-05T13:53:08 IST" duration-ms="8989" status="PASS">
          <reporter-output>
          </reporter-output>
        </test-method> <!-- openRoomsPage -->
        <test-method signature="verifyHelpCenter()[pri:2, instance:test.TestNg2@2a4fb17b]" started-at="2022-10-05T13:53:08 IST" name="verifyHelpCenter" finished-at="2022-10-05T13:53:11 IST" duration-ms="2974" status="PASS">
          <reporter-output>
          </reporter-output>
        </test-method> <!-- verifyHelpCenter -->
        <test-method is-config="true" signature="logOut()[pri:0, instance:test.TestNg2@2a4fb17b]" started-at="2022-10-05T13:53:11 IST" name="logOut" finished-at="2022-10-05T13:53:11 IST" duration-ms="0" status="PASS">
          <reporter-output>
          </reporter-output>
        </test-method> <!-- logOut -->
        <test-method is-config="true" signature="openRoomsPage()[pri:0, instance:test.TestNg2@2a4fb17b]" started-at="2022-10-05T13:53:11 IST" name="openRoomsPage" finished-at="2022-10-05T13:53:19 IST" duration-ms="7526" status="PASS">
          <reporter-output>
          </reporter-output>
        </test-method> <!-- openRoomsPage -->
        <test-method signature="verifyHelpCenter1()[pri:3, instance:test.TestNg2@2a4fb17b]" started-at="2022-10-05T13:53:19 IST" name="verifyHelpCenter1" finished-at="2022-10-05T13:53:21 IST" duration-ms="1707" status="PASS">
          <reporter-output>
          </reporter-output>
        </test-method> <!-- verifyHelpCenter1 -->
        <test-method is-config="true" signature="logOut()[pri:0, instance:test.TestNg2@2a4fb17b]" started-at="2022-10-05T13:53:21 IST" name="logOut" finished-at="2022-10-05T13:53:21 IST" duration-ms="0" status="PASS">
          <reporter-output>
          </reporter-output>
        </test-method> <!-- logOut -->
        <test-method is-config="true" signature="closeBrowser()[pri:0, instance:test.TestNg2@2a4fb17b]" started-at="2022-10-05T13:53:21 IST" name="closeBrowser" finished-at="2022-10-05T13:53:21 IST" duration-ms="0" status="PASS">
          <reporter-output>
          </reporter-output>
        </test-method> <!-- closeBrowser -->
        <test-method is-config="true" signature="coseBrowser()[pri:0, instance:test.TestNg2@2a4fb17b]" started-at="2022-10-05T13:54:02 IST" name="coseBrowser" finished-at="2022-10-05T13:54:11 IST" duration-ms="9062" status="PASS">
          <reporter-output>
          </reporter-output>
        </test-method> <!-- coseBrowser -->
      </class> <!-- test.TestNg2 -->
      <class name="test.TestNg1">
        <test-method is-config="true" signature="launchBrowser(java.lang.String)[pri:0, instance:test.TestNg1@5c6648b0]" started-at="2022-10-05T13:52:11 IST" name="launchBrowser" finished-at="2022-10-05T13:52:29 IST" duration-ms="17727" status="PASS">
          <params>
            <param index="0">
              <value>
                <![CDATA[Edge]]>
              </value>
            </param>
          </params>
          <reporter-output>
          </reporter-output>
        </test-method> <!-- launchBrowser -->
        <test-method is-config="true" signature="createPOMObjects()[pri:0, instance:test.TestNg1@5c6648b0]" started-at="2022-10-05T13:53:21 IST" name="createPOMObjects" finished-at="2022-10-05T13:53:21 IST" duration-ms="1" status="PASS">
          <reporter-output>
          </reporter-output>
        </test-method> <!-- createPOMObjects -->
        <test-method is-config="true" signature="openRoomsPage()[pri:0, instance:test.TestNg1@5c6648b0]" started-at="2022-10-05T13:53:21 IST" name="openRoomsPage" finished-at="2022-10-05T13:53:37 IST" duration-ms="16222" status="PASS">
          <reporter-output>
          </reporter-output>
        </test-method> <!-- openRoomsPage -->
        <test-method signature="verifyMessenger()[pri:1, instance:test.TestNg1@5c6648b0]" started-at="2022-10-05T13:53:37 IST" name="verifyMessenger" finished-at="2022-10-05T13:53:42 IST" duration-ms="4889" status="PASS">
          <reporter-output>
          </reporter-output>
        </test-method> <!-- verifyMessenger -->
        <test-method is-config="true" signature="logOut(org.testng.ITestResult)[pri:0, instance:test.TestNg1@5c6648b0]" started-at="2022-10-05T13:53:42 IST" name="logOut" finished-at="2022-10-05T13:53:42 IST" duration-ms="0" status="PASS">
          <params>
            <param index="0">
              <value>
                <![CDATA[[TestResult name=verifyMessenger status=SUCCESS method=TestNg1.verifyMessenger()[pri:1, instance:test.TestNg1@5c6648b0] output={null}]]]>
              </value>
            </param>
          </params>
          <reporter-output>
          </reporter-output>
        </test-method> <!-- logOut -->
        <test-method is-config="true" signature="openRoomsPage()[pri:0, instance:test.TestNg1@5c6648b0]" started-at="2022-10-05T13:53:42 IST" name="openRoomsPage" finished-at="2022-10-05T13:53:50 IST" duration-ms="8024" status="PASS">
          <reporter-output>
          </reporter-output>
        </test-method> <!-- openRoomsPage -->
        <test-method signature="verifyHelpCenter()[pri:2, instance:test.TestNg1@5c6648b0]" started-at="2022-10-05T13:53:50 IST" name="verifyHelpCenter" finished-at="2022-10-05T13:53:51 IST" duration-ms="1650" status="FAIL">
          <exception class="java.lang.AssertionError">
            <message>
              <![CDATA[The following asserts failed:
expected [https://www.messenger.com/hel] but found [https://www.messenger.com/help],
expected [Messenger Help Centr] but found [Messenger Help Centre]]]>
            </message>
            <full-stacktrace>
              <![CDATA[java.lang.AssertionError: The following asserts failed:
expected [https://www.messenger.com/hel] but found [https://www.messenger.com/help],
expected [Messenger Help Centr] but found [Messenger Help Centre]
at org.testng.asserts.SoftAssert.assertAll(SoftAssert.java:47)
at org.testng.asserts.SoftAssert.assertAll(SoftAssert.java:31)
at test.TestNg1.verifyHelpCenter(TestNg1.java:91)
at java.base/jdk.internal.reflect.DirectMethodHandleAccessor.invoke(DirectMethodHandleAccessor.java:104)
at java.base/java.lang.reflect.Method.invoke(Method.java:577)
at org.testng.internal.MethodInvocationHelper.invokeMethod(MethodInvocationHelper.java:133)
at org.testng.internal.TestInvoker.invokeMethod(TestInvoker.java:598)
at org.testng.internal.TestInvoker.invokeTestMethod(TestInvoker.java:173)
at org.testng.internal.MethodRunner.runInSequence(MethodRunner.java:46)
at org.testng.internal.TestInvoker$MethodInvocationAgent.invoke(TestInvoker.java:824)
at org.testng.internal.TestInvoker.invokeTestMethods(TestInvoker.java:146)
at org.testng.internal.TestMethodWorker.invokeTestMethods(TestMethodWorker.java:146)
at org.testng.internal.TestMethodWorker.run(TestMethodWorker.java:128)
at java.base/java.util.ArrayList.forEach(ArrayList.java:1511)
at org.testng.TestRunner.privateRun(TestRunner.java:794)
at org.testng.TestRunner.run(TestRunner.java:596)
at org.testng.SuiteRunner.runTest(SuiteRunner.java:377)
at org.testng.SuiteRunner.runSequentially(SuiteRunner.java:371)
at org.testng.SuiteRunner.privateRun(SuiteRunner.java:332)
at org.testng.SuiteRunner.run(SuiteRunner.java:276)
at org.testng.SuiteRunnerWorker.runSuite(SuiteRunnerWorker.java:53)
at org.testng.SuiteRunnerWorker.run(SuiteRunnerWorker.java:96)
at org.testng.TestNG.runSuitesSequentially(TestNG.java:1212)
at org.testng.TestNG.runSuitesLocally(TestNG.java:1134)
at org.testng.TestNG.runSuites(TestNG.java:1063)
at org.testng.TestNG.run(TestNG.java:1031)
at org.testng.remote.AbstractRemoteTestNG.run(AbstractRemoteTestNG.java:115)
at org.testng.remote.RemoteTestNG.initAndRun(RemoteTestNG.java:251)
at org.testng.remote.RemoteTestNG.main(RemoteTestNG.java:77)
]]>
            </full-stacktrace>
          </exception> <!-- java.lang.AssertionError -->
          <reporter-output>
          </reporter-output>
        </test-method> <!-- verifyHelpCenter -->
        <test-method is-config="true" signature="logOut(org.testng.ITestResult)[pri:0, instance:test.TestNg1@5c6648b0]" started-at="2022-10-05T13:53:51 IST" name="logOut" finished-at="2022-10-05T13:53:52 IST" duration-ms="599" status="PASS">
          <params>
            <param index="0">
              <value>
                <![CDATA[[TestResult name=verifyHelpCenter status=FAILURE method=TestNg1.verifyHelpCenter()[pri:2, instance:test.TestNg1@5c6648b0] output={null}]]]>
              </value>
            </param>
          </params>
          <reporter-output>
          </reporter-output>
        </test-method> <!-- logOut -->
        <test-method signature="verifyHelpCenter1()[pri:0, instance:test.TestNg1@5c6648b0]" started-at="2022-10-05T13:53:52 IST" name="verifyHelpCenter1" finished-at="2022-10-05T13:53:52 IST" depends-on-methods="test.TestNg1.verifyHelpCenter" duration-ms="0" status="SKIP">
          <exception class="java.lang.Throwable">
            <message>
              <![CDATA[Method TestNg1.verifyHelpCenter1()[pri:0, instance:test.TestNg1@5c6648b0] depends on not successfully finished methods]]>
            </message>
            <full-stacktrace>
              <![CDATA[java.lang.Throwable: Method TestNg1.verifyHelpCenter1()[pri:0, instance:test.TestNg1@5c6648b0] depends on not successfully finished methods
at org.testng.internal.TestInvoker.invokeTestMethods(TestInvoker.java:102)
at org.testng.internal.TestMethodWorker.invokeTestMethods(TestMethodWorker.java:146)
at org.testng.internal.TestMethodWorker.run(TestMethodWorker.java:128)
at java.base/java.util.ArrayList.forEach(ArrayList.java:1511)
at org.testng.TestRunner.privateRun(TestRunner.java:794)
at org.testng.TestRunner.run(TestRunner.java:596)
at org.testng.SuiteRunner.runTest(SuiteRunner.java:377)
at org.testng.SuiteRunner.runSequentially(SuiteRunner.java:371)
at org.testng.SuiteRunner.privateRun(SuiteRunner.java:332)
at org.testng.SuiteRunner.run(SuiteRunner.java:276)
at org.testng.SuiteRunnerWorker.runSuite(SuiteRunnerWorker.java:53)
at org.testng.SuiteRunnerWorker.run(SuiteRunnerWorker.java:96)
at org.testng.TestNG.runSuitesSequentially(TestNG.java:1212)
at org.testng.TestNG.runSuitesLocally(TestNG.java:1134)
at org.testng.TestNG.runSuites(TestNG.java:1063)
at org.testng.TestNG.run(TestNG.java:1031)
at org.testng.remote.AbstractRemoteTestNG.run(AbstractRemoteTestNG.java:115)
at org.testng.remote.RemoteTestNG.initAndRun(RemoteTestNG.java:251)
at org.testng.remote.RemoteTestNG.main(RemoteTestNG.java:77)
]]>
            </full-stacktrace>
          </exception> <!-- java.lang.Throwable -->
          <reporter-output>
          </reporter-output>
        </test-method> <!-- verifyHelpCenter1 -->
        <test-method is-config="true" signature="removePOMObjects()[pri:0, instance:test.TestNg1@5c6648b0]" started-at="2022-10-05T13:53:52 IST" name="removePOMObjects" finished-at="2022-10-05T13:53:52 IST" duration-ms="0" status="PASS">
          <reporter-output>
          </reporter-output>
        </test-method> <!-- removePOMObjects -->
        <test-method is-config="true" signature="closeBrowser()[pri:0, instance:test.TestNg1@5c6648b0]" started-at="2022-10-05T13:53:52 IST" name="closeBrowser" finished-at="2022-10-05T13:54:02 IST" duration-ms="9645" status="PASS">
          <reporter-output>
          </reporter-output>
        </test-method> <!-- closeBrowser -->
      </class> <!-- test.TestNg1 -->
    </test> <!-- EdgeTest -->
  </suite> <!-- SuiteFB -->
</testng-results>
