<?xml version="1.0" encoding="UTF-8"?>
<!-- Generated by org.testng.reporters.JUnitXMLReporter -->
<testsuite ignored="0" hostname="DESKTOP-D54JPUJ" failures="0" tests="6" name="ChromeTest" time="108.905" errors="0" timestamp="2022-09-26T23:04:11 IST">
  <testcase classname="test.TestNg1" name="verifyMessenger" time="8.113"/>
  <testcase classname="test.TestNg2" name="verifyMessenger" time="8.973"/>
  <testcase classname="test.TestNg2" name="verifyHelpCenter" time="5.205"/>
  <testcase classname="test.TestNg1" name="verifyHelpCenter" time="5.226"/>
  <testcase classname="test.TestNg1" name="verifyHelpCenter1" time="2.371"/>
  <testcase classname="test.TestNg2" name="verifyHelpCenter1" time="5.071"/>
</testsuite> <!-- ChromeTest -->
