<?xml version="1.0" encoding="UTF-8"?>
<!-- Generated by org.testng.reporters.JUnitXMLReporter -->
<testsuite ignored="0" hostname="DESKTOP-D54JPUJ" failures="0" tests="6" name="EdgeTest" time="107.866" errors="0" timestamp="2022-10-03T22:14:33 IST">
  <testcase classname="test.TestNg2" name="verifyMessenger" time="2.844"/>
  <testcase classname="test.TestNg1" name="verifyMessenger" time="4.172"/>
  <testcase classname="test.TestNg2" name="verifyHelpCenter" time="3.049"/>
  <testcase classname="test.TestNg1" name="verifyHelpCenter" time="2.19"/>
  <testcase classname="test.TestNg2" name="verifyHelpCenter1" time="1.502"/>
  <testcase classname="test.TestNg1" name="verifyHelpCenter1" time="1.662"/>
</testsuite> <!-- EdgeTest -->
