<?xml version="1.0" encoding="UTF-8"?>
<!-- Generated by org.testng.reporters.JUnitXMLReporter -->
<testsuite ignored="0" hostname="DESKTOP-D54JPUJ" failures="0" tests="6" name="EdgeTest" time="88.229" errors="0" timestamp="2022-09-26T23:05:40 IST">
  <testcase classname="test.TestNg2" name="verifyMessenger" time="3.55"/>
  <testcase classname="test.TestNg1" name="verifyMessenger" time="4.356"/>
  <testcase classname="test.TestNg1" name="verifyHelpCenter" time="2.844"/>
  <testcase classname="test.TestNg2" name="verifyHelpCenter" time="3.263"/>
  <testcase classname="test.TestNg1" name="verifyHelpCenter1" time="1.677"/>
  <testcase classname="test.TestNg2" name="verifyHelpCenter1" time="1.754"/>
</testsuite> <!-- EdgeTest -->
